2015-11-19 14:03:23 Klikpay: [APIResponse] 1 [transactionNo] 00051961
2015-11-19 14:07:19 Klikpay: [APIResponse] 1 [transactionNo] 00051988
2015-12-11 09:40:54 Klikpay: [APIResponse] 1 [transactionNo] 00052269
2016-02-09 15:59:36 Klikpay: [APIResponse] 1 [transactionNo] 00052419
2016-02-25 15:33:19 Klikpay: [APIResponse] 1 [transactionNo] 00053328
2016-02-25 15:49:32 Klikpay: [APIResponse] 1 [transactionNo] 00053337
2016-02-25 15:55:22 Klikpay: [APIResponse] 1 [transactionNo] 00053344
2016-02-25 16:04:51 Klikpay: [APIResponse] 1 [transactionNo] 00053359
2016-02-25 16:29:56 Klikpay: [APIResponse] 1 [transactionNo] 00053363
2016-02-25 16:51:10 Klikpay: [APIResponse] 1 [transactionNo] 00053371
2016-02-26 11:10:18 Klikpay: [APIResponse] 1 [transactionNo] 00053385
2016-02-26 19:46:51 Klikpay: [APIResponse] 1 [transactionNo] 00053407
2016-03-08 17:36:20 Klikpay: [APIResponse] 1 [transactionNo] 00053521
2016-03-10 08:53:53 Klikpay: [APIResponse] 1 [transactionNo] 00053532
2016-03-10 09:38:31 Klikpay: [APIResponse] 1 [transactionNo] 00053545
2016-03-10 13:51:57 Klikpay: [APIResponse] 1 [transactionNo] 00053550
2016-03-10 15:22:58 Klikpay: [APIResponse] 1 [transactionNo] 00053566
2016-03-10 16:00:48 Klikpay: [APIResponse] 1 [transactionNo] 00053578
2016-03-10 16:12:20 Klikpay: [APIResponse] 1 [transactionNo] 00053606
2016-03-10 16:37:51 Klikpay: [APIResponse] 1 [transactionNo] 00053610
2016-03-10 16:54:25 Klikpay: [APIResponse] 1 [transactionNo] 00053623
2016-03-10 17:02:26 Klikpay: [APIResponse] 1 [transactionNo] 00053634
2016-03-10 17:14:01 Klikpay: [APIResponse] 1 [transactionNo] 00053647
2016-03-10 17:46:51 Klikpay: [APIResponse] 1 [transactionNo] 00053668
2016-03-10 17:52:22 Klikpay: [APIResponse] 1 [transactionNo] 00053675
2016-03-10 17:55:09 Klikpay: [APIResponse] 1 [transactionNo] 00053681
2016-03-10 18:06:41 Klikpay: [APIResponse] 1 [transactionNo] 00053699
2016-03-10 19:04:30 Klikpay: [APIResponse] 1 [transactionNo] 00053702
2016-03-10 19:12:10 Klikpay: [APIResponse] 1 [transactionNo] 00053718
2016-03-10 19:17:56 Klikpay: [APIResponse] 1 [transactionNo] 00053725
2016-03-10 19:53:17 Klikpay: [APIResponse] 1 [transactionNo] 00053739
2016-03-10 20:03:51 Klikpay: [APIResponse] 1 [transactionNo] 00053741
2016-03-10 22:18:13 Klikpay: [APIResponse] 1 [transactionNo] 00053756
2016-03-10 22:23:57 Klikpay: [APIResponse] 1 [transactionNo] 00053760
2016-03-10 22:33:27 Klikpay: [APIResponse] 1 [transactionNo] 00053773
2016-03-10 22:58:31 Klikpay: [APIResponse] 2 [transactionNo] 00053787
2016-03-10 23:07:09 Klikpay: [APIResponse] 1 [transactionNo] 00053794
2016-03-10 23:13:27 Klikpay: [APIResponse] 1 [transactionNo] 00053804
2016-03-10 23:20:43 Klikpay: [APIResponse] 1 [transactionNo] 00053815
2016-03-10 23:26:06 Klikpay: [APIResponse] 1 [transactionNo] 00053836
2016-03-10 23:33:42 Klikpay: [APIResponse] 1 [transactionNo] 00053843
2016-03-10 23:39:42 Klikpay: [APIResponse] 1 [transactionNo] 00053858
2016-03-10 23:46:01 Klikpay: [APIResponse] 1 [transactionNo] 00053862
2016-03-11 09:57:34 Klikpay: [APIResponse] 1 [transactionNo] 00053870
2016-03-11 10:46:57 Klikpay: [APIResponse] 1 [transactionNo] 00053889
2016-03-11 13:22:31 Klikpay: [APIResponse] 1 [transactionNo] 00053891
2016-03-11 14:18:57 Klikpay: [APIResponse] 1 [transactionNo] 00053917
2016-03-14 19:00:14 Klikpay: [APIResponse] 1 [transactionNo] 00053940
2016-03-14 19:05:51 Klikpay: [APIResponse] 1 [transactionNo] 00053955
2016-03-14 19:08:50 Klikpay: [APIResponse] 1 [transactionNo] 00053964
2016-04-11 09:11:49 Klikpay: [APIResponse] 1 [transactionNo] 00059013
2016-04-11 13:21:12 Klikpay: [APIResponse] 1 [transactionNo] 00059315
2016-04-11 17:14:02 Klikpay: [APIResponse] 1 [transactionNo] 00059406
2016-04-11 17:20:39 Klikpay: [APIResponse] 1 [transactionNo] 00059410
2016-04-12 09:49:42 Klikpay: [APIResponse] 1 [transactionNo] 00059499
2016-04-12 10:46:20 Klikpay: [APIResponse] 1 [transactionNo] 00059520
2016-04-12 11:34:00 Klikpay: [APIResponse] 1 [transactionNo] 00059554
2016-04-12 12:08:17 Klikpay: [APIResponse] 1 [transactionNo] 00059565
2016-04-12 12:17:01 Klikpay: [APIResponse] 1 [transactionNo] 00059577
2016-04-12 12:50:40 Klikpay: [APIResponse] 1 [transactionNo] 00059583
2016-04-12 15:25:16 Klikpay: [APIResponse] 1 [transactionNo] 00059680
2016-04-12 21:20:02 Klikpay: [APIResponse] 1 [transactionNo] 00059701
2016-04-12 22:24:37 Klikpay: [APIResponse] 1 [transactionNo] 00059717
2016-04-12 22:32:22 Klikpay: [APIResponse] 1 [transactionNo] 00059729
2016-04-12 22:44:20 Klikpay: [APIResponse] 1 [transactionNo] 00059738
2016-04-12 22:49:43 Klikpay: [APIResponse] 1 [transactionNo] 00059740
2016-04-12 23:12:15 Klikpay: [APIResponse] 1 [transactionNo] 00059755
2016-04-12 23:34:30 Klikpay: [APIResponse] 1 [transactionNo] 00059764
2016-04-13 00:00:59 Klikpay: [APIResponse] 1 [transactionNo] 00059772
2016-04-13 00:07:38 Klikpay: [APIResponse] 1 [transactionNo] 00059786
2016-04-13 00:22:09 Klikpay: [APIResponse] 1 [transactionNo] 00059793
2016-04-13 14:07:34 Klikpay: [APIResponse] 1 [transactionNo] 00059959
2016-04-14 17:50:09 Klikpay: [APIResponse] 1 [transactionNo] 00061028
2016-04-14 18:38:47 Klikpay: [APIResponse] 1 [transactionNo] 00061102
2016-04-15 10:52:34 Klikpay: [APIResponse] 1 [transactionNo] 00061333
2016-04-16 12:34:59 Klikpay: [APIResponse] 1 [transactionNo] 00061777
2016-04-16 17:03:22 Klikpay: [APIResponse] 2 [transactionNo] 00061997
2016-04-16 18:29:23 Klikpay: [APIResponse] 1 [transactionNo] 00062069
2016-04-17 04:38:39 Klikpay: [APIResponse] 1 [transactionNo] 00062466
2016-04-17 04:44:35 Klikpay: [APIResponse] 1 [transactionNo] 00062478
2016-04-18 09:37:05 Klikpay: [APIResponse] 1 [transactionNo] 00062523
2016-04-18 16:56:54 Klikpay: [APIResponse] 1 [transactionNo] 00062762
2016-04-18 20:13:26 Klikpay: [APIResponse] 1 [transactionNo] 00063189
2016-04-18 20:24:17 Klikpay: [APIResponse] 1 [transactionNo] 00063284
2016-04-18 20:33:37 Klikpay: [APIResponse] 1 [transactionNo] 00063330
2016-04-19 03:29:15 Klikpay: [APIResponse] 1 [transactionNo] 00064342
2016-04-19 03:37:51 Klikpay: [APIResponse] 1 [transactionNo] 00064374
2016-04-19 06:01:17 Klikpay: [APIResponse] 1 [transactionNo] 00064414
2016-04-19 06:03:55 Klikpay: [APIResponse] 1 [transactionNo] 00064422
2016-06-08 14:22:57 Klikpay: [APIResponse] 2 [transactionNo] 00066550
2016-06-23 17:28:04 Klikpay: [APIResponse] 1 [transactionNo] 00066610
2016-06-23 19:39:12 Klikpay:  [JAI Payment.id] 82 [APIResponse] SUCCESS_MESSAGE
2016-07-19 15:29:27 Klikpay: [APIResponse] 1 [transactionNo] 00066794
2016-07-19 16:33:47 Klikpay: [APIResponse] 1 [transactionNo] 00066804
2016-07-19 17:09:39 Klikpay: [APIResponse] 1 [transactionNo] 00066815
2016-07-19 17:31:31 Klikpay: [APIResponse] 1 [transactionNo] 00066827
2016-07-19 17:35:46 Klikpay: [APIResponse] 1 [transactionNo] 00066836
2016-07-19 17:50:01 Klikpay: [APIResponse] 1 [transactionNo] 00066843
2016-07-19 18:17:01 Klikpay: [APIResponse] 1 [transactionNo] 00066858
2016-07-19 18:48:11 Klikpay: [APIResponse] 1 [transactionNo] 00066862
2016-07-19 19:12:04 Klikpay: [APIResponse] 1 [transactionNo] 00066870
2016-07-22 16:25:10 Klikpay: [APIResponse] 1 [transactionNo] 00067072
2016-07-22 16:41:35 Klikpay: [APIResponse] 1 [transactionNo] 00067086
2016-07-22 16:46:29 Klikpay: [APIResponse] 1 [transactionNo] 00067093
2016-07-22 17:05:59 Klikpay: [APIResponse] 1 [transactionNo] 00067126
2016-07-25 12:08:24 Klikpay: [APIResponse] 1 [transactionNo] 00067174
2016-07-25 12:20:10 Klikpay: [APIResponse] 1 [transactionNo] 00067190
2016-07-25 14:25:05 Klikpay: [APIResponse] 1 [transactionNo] 00067254
2016-07-25 14:52:39 Klikpay: [APIResponse] 1 [transactionNo] 00067296
2016-07-25 15:30:48 Klikpay: [APIResponse] 1 [transactionNo] 00067323
2016-07-25 17:03:35 Klikpay: [APIResponse] 1 [transactionNo] 00067352
2016-07-25 17:09:04 Klikpay: [APIResponse] 1 [transactionNo] 00067368
2016-07-25 17:13:39 Klikpay: [APIResponse] 1 [transactionNo] 00067375
2016-07-25 17:18:49 Klikpay: [APIResponse] 1 [transactionNo] 00067381
2016-07-25 17:23:41 Klikpay: [APIResponse] 1 [transactionNo] 00067399
2016-07-27 11:25:58 Klikpay: [APIResponse] 1 [transactionNo] 00067539
2016-07-27 11:38:44 Klikpay: [APIResponse] 1 [transactionNo] 00067541
2016-07-27 12:18:49 Klikpay: [APIResponse] 1 [transactionNo] 00067556
2016-07-27 13:39:13 Klikpay: [APIResponse] 1 [transactionNo] 00067560
2016-07-29 11:22:26 Klikpay: [APIResponse] 1 [transactionNo] 00067869
2016-08-03 09:43:06 Klikpay: [APIResponse] 1 [transactionNo] 00067980
2016-08-03 12:13:47 Klikpay: [APIResponse] 1 [transactionNo] 00068006
2016-08-04 13:59:28 Klikpay: [APIResponse] 3 [transactionNo] 00068068
2016-08-19 16:48:52 Klikpay: [APIResponse] 3 [transactionNo] 00068695
2016-08-19 16:52:07 Klikpay: [APIResponse] 3 [transactionNo] 00068703
2016-08-19 17:18:13 Klikpay: [APIResponse] 3 [transactionNo] 00068719
2016-08-19 18:01:04 Klikpay: [APIResponse] 1 [transactionNo] 00068726
2016-08-22 19:49:06 Klikpay: [APIResponse] 1 [transactionNo] 00068774
2016-08-30 19:26:04 Klikpay: [APIResponse] 1 [transactionNo] 00068790
2016-08-31 11:42:26 Klikpay: [APIResponse] 1 [transactionNo] 00068800
2016-10-04 13:52:44 Klikpay: [APIResponse] 1 [transactionNo] 00069233
2016-10-14 14:13:43 Klikpay:  [JAI Payment.id] 86 [APIResponse] SUCCESS_MESSAGE
2016-10-14 15:31:39 Klikpay: [APIResponse] 1 [transactionNo] 00069660
2016-10-14 19:26:50 Klikpay:  [JAI Payment.id] 87 [APIResponse] SUCCESS_MESSAGE
2016-10-14 19:43:46 Klikpay:  [JAI Payment.id] 88 [APIResponse] SUCCESS_MESSAGE
2016-10-14 19:48:14 Klikpay:  [JAI Payment.id] 89 [APIResponse] SUCCESS_MESSAGE
2016-10-14 19:52:09 Klikpay:  [JAI Payment.id] 90 [APIResponse] SUCCESS_MESSAGE
2016-10-17 07:11:52 Klikpay:  [JAI Payment.id] 91 [APIResponse] SUCCESS_MESSAGE
2016-10-17 07:39:54 Klikpay:  [JAI Payment.id] 92 [APIResponse] SUCCESS_MESSAGE
2016-10-17 10:39:24 Klikpay:  [JAI Payment.id] 93 [APIResponse] SUCCESS_MESSAGE
2016-10-19 10:20:54 Klikpay:  [JAI Payment.id] 95 [APIResponse] SUCCESS_MESSAGE
2016-10-20 11:13:54 Klikpay: [APIResponse] 1 [transactionNo] 00070297
2016-10-25 09:17:23 Klikpay: [APIResponse] 1 [transactionNo] 00070655
2016-10-26 11:04:18 Klikpay: [APIResponse] 1 [transactionNo] 00071536
2016-10-26 13:41:15 Klikpay: [APIResponse] 1 [transactionNo] 00071543
2016-10-28 10:19:19 Klikpay: [APIResponse] 1 [transactionNo] 00071639
2016-11-03 15:01:12 Klikpay: [APIResponse] 1 [transactionNo] 00072033
2016-11-11 10:30:15 Klikpay:  [JAI Payment.id] 96 [APIResponse] SUCCESS_MESSAGE
2016-11-11 11:16:23 Klikpay:  [JAI Payment.id] 97 [APIResponse] SUCCESS_MESSAGE
2016-11-11 19:20:42 Klikpay: [APIResponse] 1 [transactionNo] 00072196
2016-11-11 19:29:11 Klikpay: [APIResponse] 1 [transactionNo] 00072203
2016-11-11 19:31:19 Klikpay:  [JAI Payment.id] 98 [APIResponse] SUCCESS_MESSAGE
2016-11-14 10:22:04 Klikpay: [APIResponse] 1 [transactionNo] 00072226
2016-11-14 18:22:47 Klikpay: [APIResponse] 1 [transactionNo] 00072328
2016-11-14 18:39:37 Klikpay: [APIResponse] 1 [transactionNo] 00072337
2016-11-14 19:47:35 Klikpay: [APIResponse] 1 [transactionNo] 00072344
2016-11-14 20:17:29 Klikpay: [APIResponse] 1 [transactionNo] 00072359
2016-11-14 20:34:16 Klikpay: [APIResponse] 1 [transactionNo] 00072363
2016-11-17 14:25:25 Klikpay: [APIResponse] 1 [transactionNo] 00072495
2016-11-17 14:47:51 Klikpay:  [JAI Payment.id] 99 [APIResponse] SUCCESS_MESSAGE
2016-11-17 17:26:44 Klikpay: [APIResponse] 1 [transactionNo] 00072550
2016-11-17 17:30:38 Klikpay: [APIResponse] 1 [transactionNo] 00072566
2016-11-17 17:43:58 Klikpay: [APIResponse] 1 [transactionNo] 00072584
2016-11-21 10:31:12 Klikpay:  [JAI Payment.id] 100 [APIResponse] SUCCESS_MESSAGE
2016-11-21 10:53:13 Klikpay: [APIResponse] 1 [transactionNo] 00072610
2016-11-21 10:56:14 Klikpay: [APIResponse] 1 [transactionNo] 00072623
2016-11-21 11:28:05 Klikpay: [APIResponse] 1 [transactionNo] 00072652
2016-11-21 11:56:58 Klikpay: [APIResponse] 1 [transactionNo] 00072668
2016-11-21 13:40:44 Klikpay: [APIResponse] 1 [transactionNo] 00072675
2016-11-21 14:02:20 Klikpay: [APIResponse] 1 [transactionNo] 00072681
2016-11-23 09:13:08 Klikpay: [APIResponse] 1 [transactionNo] 00072972
2016-11-23 09:16:35 Klikpay: [APIResponse] 1 [transactionNo] 00072986
2016-11-23 09:23:00 Klikpay:  [JAI Payment.id] 102 [APIResponse] SUCCESS_MESSAGE
2016-11-23 09:28:10 Klikpay: [APIResponse] 1 [transactionNo] 00072993
2016-11-23 14:18:04 Klikpay: [APIResponse] 1 [transactionNo] 00073141
2016-11-24 10:13:13 Klikpay: [APIResponse] 1 [transactionNo] 00073194
2016-11-24 10:16:43 Klikpay: [APIResponse] 1 [transactionNo] 00073207
2016-11-24 10:23:00 Klikpay: [APIResponse] 1 [transactionNo] 00073211
2016-11-24 10:45:56 Klikpay: [APIResponse] 1 [transactionNo] 00073230
2016-11-24 12:22:13 Klikpay: [APIResponse] 1 [transactionNo] 00073269
2016-11-24 14:42:53 Klikpay:  date 2016-11-24 14:42:53 data dari sprint Array END 
2016-11-24 14:56:23 Klikpay:  date 2016-11-24 14:56:23 data dari sprint  END 
2016-11-24 14:56:23 Klikpay: [APIResponse] 1 [transactionNo] 00073295
2016-11-24 15:04:57 Klikpay:  date 2016-11-24 15:04:57 data dari sprint 11JAGAWB01,24/11/2016 15:04:17,00073305,IDR,138148.00,01,Array,B18421DC20FF8CEDCEC3ABA4B5F9E020, END 
2016-11-24 15:42:28 Klikpay:  date 2016-11-24 15:42:28 data dari sprint 11JAGAWB01,24/11/2016 15:42:05,00073314,IDR,88148.00,01,Array,357C6765D9AD8209C22BDCDBC2E82B4F, END 
2016-11-24 15:42:29 Klikpay: [APIResponse] 1 [transactionNo] 00073314
2016-11-24 15:45:35 Klikpay:  data dari sprint 11JAGAWB01,24/11/2016 15:45:13,00073322,IDR,88148.00,01,Array,FD913388D03A2E458ACA2FDD4B4B2811, END 
2016-11-24 15:45:36 Klikpay: [APIResponse] 1 [transactionNo] 00073322
2016-11-24 15:57:25 Klikpay:  date 2016-11-24 15:57:25 data dari sprint 11JAGAWB01,24/11/2016 15:56:13,00073333,IDR,166167.00,01,Array,2248344BDCFCEDE06F5825A87BF9306C, END 
2016-11-24 16:08:22 Klikpay:  date 2016-11-24 16:08:22 data dari sprint 11JAGAWB01,24/11/2016 16:08:01,00073346,IDR,88148.00,01,Array,228B382EA24935273E07902232C1B691, END 
2016-11-24 16:08:23 Klikpay: [APIResponse] 1 [transactionNo] 00073346
2016-11-24 16:11:13 Klikpay: [APIResponse] 1 [transactionNo] 00073351
2016-11-24 16:20:59 Klikpay:  status = 
2016-11-24 16:21:02 Klikpay: [APIResponse] 1 [transactionNo] 00073367
2016-11-24 17:18:38 Klikpay: [APIResponse] 1 [transactionNo] 00073379
2016-11-25 15:04:15 Klikpay: [APIResponse] 1 [transactionNo] 00073380
2016-12-16 19:48:33 Klikpay: [APIResponse] 1 [transactionNo] 00073474
2016-12-22 14:41:36 Klikpay: [APIResponse] 1 [transactionNo] 00073488
2017-01-05 09:30:44 Klikpay: [APIResponse] 1 [transactionNo] 00074047
2017-01-30 11:07:24 Klikpay: [APIResponse] 1 [transactionNo] 00075216
2017-02-17 10:11:44 Klikpay: [APIResponse]  [transactionNo] 00075216
2017-02-17 10:14:49 Klikpay: [APIResponse]  [transactionNo] 00075216
2017-02-17 10:15:14 Klikpay: [APIResponse]  [transactionNo] 00075216
2017-02-17 10:15:17 Klikpay: [APIResponse]  [transactionNo] 00075216
2017-02-17 10:15:50 Klikpay: [APIResponse]  [transactionNo] 00075216
2017-02-17 10:23:11 Klikpay: [APIResponse]  [transactionNo] 00075216
2017-02-17 10:24:04 Klikpay: [APIResponse] Array [transactionNo] 00075216
2017-02-17 10:25:14 Klikpay: [APIResponse]  [transactionNo] 00075216
2017-02-17 10:42:19 Klikpay: [APIResponse]  [transactionNo] 00075216
2017-02-17 10:42:52 Klikpay: [APIResponse]  [transactionNo] 00075216
2017-02-17 10:43:48 Klikpay: [APIResponse]  [transactionNo] 00075216
2017-02-17 10:45:25 Klikpay: [APIResponse] Array [transactionNo] 00075216
2017-02-17 10:46:07 Klikpay: [APIResponse]  [transactionNo] 00075216
2017-02-17 10:46:49 Klikpay: [APIResponse] Array [transactionNo] 00075216
2017-02-17 10:47:24 Klikpay: [APIResponse] Array [transactionNo] 00075216
2017-02-20 14:19:55 Klikpay: [APIResponse] 7 [transactionNo] 00075704
2017-02-20 14:29:48 Klikpay: [APIResponse] 7 [transactionNo] 00075715
2017-02-20 14:40:32 Klikpay: [APIResponse] 7 [transactionNo] 00075727
2017-02-20 14:57:15 Klikpay: [APIResponse] 7 [transactionNo] 00075736
2017-02-20 15:47:20 Klikpay: [APIResponse] 7 [transactionNo] 00075743 authkey ok
2017-02-20 16:40:53 Klikpay: [APIResponse] 1 [transactionNo] 00075758 authkey ok
2017-02-20 17:13:56 Klikpay:  [JAI Payment.id] 106 [APIResponse] SUCCESS_MESSAGE
2017-02-27 12:49:54 Klikpay: [APIResponse] 1 [transactionNo] 00075840 authkey ok
2017-02-27 12:56:52 Klikpay: [APIResponse] 1 [transactionNo] 00075855 authkey ok
2017-02-27 13:01:22 Klikpay: [APIResponse] 1 [transactionNo] 00075864 authkey ok
2017-02-27 14:05:47 Klikpay: [APIResponse] 1 [transactionNo] 00075872 authkey ok
2017-02-27 14:28:12 Klikpay: [APIResponse] 1 [transactionNo] 00075893 authkey ok
2017-02-27 14:34:43 Klikpay: [APIResponse] 1 [transactionNo] 00075903 authkey ok
2017-02-28 10:12:49 Klikpay: [APIResponse] 1 [transactionNo] 00076020 authkey ok
2017-02-28 14:13:16 Klikpay: [APIResponse] 1 [transactionNo] 00076031 authkey ok
2017-02-28 14:16:44 Klikpay: [APIResponse] 1 [transactionNo] 00076049 authkey ok
2017-02-28 14:19:51 Klikpay: [APIResponse] 1 [transactionNo] 00076054 authkey ok
2017-02-28 14:23:21 Klikpay: [APIResponse] 1 [transactionNo] 00076065 authkey ok
2017-02-28 14:26:39 Klikpay: [APIResponse] 1 [transactionNo] 00076077 authkey ok
2017-02-28 14:35:16 Klikpay: [APIResponse] 1 [transactionNo] 00076083 authkey ok
2017-02-28 14:38:51 Klikpay: [APIResponse] 1 [transactionNo] 00076096 authkey ok
2017-02-28 14:46:31 Klikpay: [APIResponse] 1 [transactionNo] 00076106 authkey ok
2017-02-28 15:00:21 Klikpay:  [JAI Payment.id] 108 [APIResponse] SUCCESS_MESSAGE
2017-02-28 15:05:09 Klikpay: [APIResponse] 1 [transactionNo] 00076110 authkey ok
2017-02-28 15:09:23 Klikpay: [APIResponse] 1 [transactionNo] 00076134 authkey ok
2017-02-28 15:09:45 Klikpay: [APIResponse] 1 [transactionNo] 00076123 authkey ok
2017-02-28 15:18:54 Klikpay:  [JAI Payment.id] 110 [APIResponse] SUCCESS_MESSAGE
2017-02-28 15:48:10 Klikpay:  [JAI Payment.id] 114 [APIResponse] SUCCESS_MESSAGE
2017-02-28 15:51:34 Klikpay: [APIResponse] 1 [transactionNo] 00076147 authkey ok
2017-02-28 15:53:43 Klikpay:  [JAI Payment.id] 115 [APIResponse] SUCCESS_MESSAGE
2017-02-28 15:58:26 Klikpay:  [JAI Payment.id] 116 [APIResponse] SUCCESS_MESSAGE
2017-02-28 15:59:04 Klikpay: [APIResponse] 1 [transactionNo] 00076152 authkey ok
2017-02-28 16:08:04 Klikpay: [APIResponse] 1 [transactionNo] 00076168 authkey ok
2017-02-28 16:10:06 Klikpay: [APIResponse] 1 [transactionNo] 00076181 authkey ok
2017-02-28 16:21:09 Klikpay: [APIResponse] 1 [transactionNo] 00076199 authkey ok
2017-02-28 16:25:03 Klikpay: [APIResponse] 1 [transactionNo] 00076201 authkey ok
2017-02-28 16:30:37 Klikpay: [APIResponse] 1 [transactionNo] 00076217 authkey ok
2017-02-28 16:31:05 Klikpay: [APIResponse] 1 [transactionNo] 00076229 authkey ok
2017-02-28 16:32:09 Klikpay:  [JAI Payment.id] 117 [APIResponse] SUCCESS_MESSAGE
2017-02-28 16:36:05 Klikpay: [APIResponse] 1 [transactionNo] 00076238 authkey ok
2017-02-28 16:37:46 Klikpay:  [JAI Payment.id] 118 [APIResponse] SUCCESS_MESSAGE
2017-02-28 16:45:52 Klikpay:  [JAI Payment.id] 119 [APIResponse] SUCCESS_MESSAGE
2017-02-28 16:46:30 Klikpay: [APIResponse] 1 [transactionNo] 00076240 authkey ok
2017-02-28 16:47:15 Klikpay: [APIResponse] 1 [transactionNo] 00076255 authkey ok
2017-02-28 16:51:30 Klikpay: [APIResponse] 1 [transactionNo] 00076264 authkey ok
2017-02-28 16:56:44 Klikpay:  [JAI Payment.id] 120 [APIResponse] SUCCESS_MESSAGE
2017-02-28 16:57:42 Klikpay: [APIResponse] 1 [transactionNo] 00076272 authkey ok
2017-02-28 17:00:26 Klikpay: [APIResponse] 1 [transactionNo] 00076286 authkey ok
2017-02-28 17:01:08 Klikpay:  [JAI Payment.id] 121 [APIResponse] SUCCESS_MESSAGE
2017-02-28 17:07:11 Klikpay:  [JAI Payment.id] 122 [APIResponse] SUCCESS_MESSAGE
2017-02-28 17:26:38 Klikpay: [APIResponse] 1 [transactionNo] 00076293 authkey ok
2017-02-28 17:31:33 Klikpay: [APIResponse] 1 [transactionNo] 00076303 authkey ok
2017-02-28 17:37:26 Klikpay:  [JAI Payment.id] 123 [APIResponse] SUCCESS_MESSAGE
2017-02-28 17:41:12 Klikpay:  [JAI Payment.id] 124 [APIResponse] SUCCESS_MESSAGE
2017-02-28 17:42:27 Klikpay: [APIResponse] 1 [transactionNo] 00076319 authkey ok
2017-02-28 17:44:35 Klikpay:  [JAI Payment.id] 125 [APIResponse] SUCCESS_MESSAGE
2017-02-28 17:45:10 Klikpay: [APIResponse] 1 [transactionNo] 00076326 authkey ok
2017-02-28 17:48:01 Klikpay: [APIResponse] 1 [transactionNo] 00076335 authkey ok
2017-02-28 17:49:26 Klikpay:  [JAI Payment.id] 126 [APIResponse] SUCCESS_MESSAGE
2017-02-28 17:54:23 Klikpay:  [JAI Payment.id] 127 [APIResponse] SUCCESS_MESSAGE
2017-02-28 18:02:12 Klikpay: [APIResponse] 1 [transactionNo] 00076357 authkey ok
2017-02-28 18:05:01 Klikpay: [APIResponse] 1 [transactionNo] 00076361 authkey ok
2017-02-28 18:07:25 Klikpay: [APIResponse] 1 [transactionNo] 00076374 authkey ok
2017-02-28 18:10:01 Klikpay: [APIResponse] 1 [transactionNo] 00076388 authkey ok
2017-02-28 18:12:28 Klikpay: [APIResponse] 1 [transactionNo] 00076390 authkey ok
2017-02-28 18:17:51 Klikpay: [APIResponse] 1 [transactionNo] 00076405 authkey ok
2017-02-28 18:20:02 Klikpay: [APIResponse] 1 [transactionNo] 00076414 authkey ok
2017-02-28 18:22:53 Klikpay: [APIResponse] 1 [transactionNo] 00076433 authkey ok
2017-02-28 18:25:46 Klikpay: [APIResponse] 1 [transactionNo] 00076446 authkey ok
2017-02-28 18:26:15 Klikpay: [APIResponse] 1 [transactionNo] 00076422 authkey ok
2017-02-28 18:28:24 Klikpay: [APIResponse] 1 [transactionNo] 00076451 authkey ok
2017-02-28 18:30:45 Klikpay: [APIResponse] 1 [transactionNo] 00076467 authkey ok
2017-02-28 18:32:41 Klikpay: [APIResponse] 1 [transactionNo] 00076479 authkey ok
2017-02-28 18:37:04 Klikpay: [APIResponse] 1 [transactionNo] 00076480 authkey ok
2017-02-28 18:38:25 Klikpay: [APIResponse] 1 [transactionNo] 00076498 authkey ok
2017-02-28 18:39:45 Klikpay: [APIResponse] 1 [transactionNo] 00076507 authkey ok
2017-02-28 18:43:22 Klikpay: [APIResponse] 1 [transactionNo] 00076511 authkey ok
2017-02-28 18:47:35 Klikpay: [APIResponse] 1 [transactionNo] 00076524 authkey ok
2017-02-28 18:52:10 Klikpay: [APIResponse] 1 [transactionNo] 00076530 authkey ok
2017-02-28 18:56:52 Klikpay: [APIResponse] 1 [transactionNo] 00076548 authkey ok
2017-02-28 19:20:09 Klikpay: [APIResponse] 1 [transactionNo] 00076553 authkey ok
2017-02-28 19:23:01 Klikpay: [APIResponse] 1 [transactionNo] 00076569 authkey ok
2017-02-28 19:25:39 Klikpay: [APIResponse] 1 [transactionNo] 00076576 authkey ok
2017-02-28 19:28:47 Klikpay: [APIResponse] 1 [transactionNo] 00076582 authkey ok
2017-02-28 19:32:26 Klikpay: [APIResponse] 1 [transactionNo] 00076609 authkey ok
2017-02-28 19:32:31 Klikpay: [APIResponse] 1 [transactionNo] 00076595 authkey ok
2017-02-28 19:36:51 Klikpay: [APIResponse] 1 [transactionNo] 00076613 authkey ok
2017-02-28 19:37:43 Klikpay: [APIResponse] 1 [transactionNo] 00076621 authkey ok
2017-02-28 19:41:08 Klikpay: [APIResponse] 1 [transactionNo] 00076632 authkey ok
2017-02-28 19:45:58 Klikpay: [APIResponse] 1 [transactionNo] 00076650 authkey ok
2017-02-28 19:45:58 Klikpay: [APIResponse] 1 [transactionNo] 00076666 authkey ok
2017-02-28 19:49:31 Klikpay: [APIResponse] 1 [transactionNo] 00076678 authkey ok
2017-02-28 19:53:13 Klikpay: [APIResponse] 1 [transactionNo] 00076684 authkey ok
2017-02-28 19:57:57 Klikpay: [APIResponse] 1 [transactionNo] 00076697 authkey ok
2017-02-28 20:04:21 Klikpay: [APIResponse] 1 [transactionNo] 00076716 authkey ok
2017-02-28 20:04:24 Klikpay: [APIResponse] 1 [transactionNo] 00076700 authkey ok
2017-03-01 09:53:58 Klikpay: [APIResponse] 1 [transactionNo] 00076737 authkey ok
2017-03-01 11:38:20 Klikpay: [APIResponse] 1 [transactionNo] 00076744 authkey ok
2017-03-01 11:57:54 Klikpay: [APIResponse] 1 [transactionNo] 00076763 authkey ok
2017-03-01 12:00:54 Klikpay: [APIResponse] 1 [transactionNo] 00076771 authkey ok
2017-03-01 14:18:53 Klikpay: [APIResponse] 1 [transactionNo] 00076785 authkey ok
2017-03-01 14:25:06 Klikpay: [APIResponse] 1 [transactionNo] 00076792 authkey ok
2017-03-01 14:38:22 Klikpay: [APIResponse] 1 [transactionNo] 00076802 authkey ok
2017-03-01 14:54:14 Klikpay: [APIResponse] 1 [transactionNo] 00076818 authkey ok
2017-03-01 17:44:32 Klikpay: [APIResponse] 1 [transactionNo] 00076825 authkey ok
2017-03-02 14:30:00 Klikpay: [APIResponse] 1 [transactionNo] 00076841 authkey ok
2017-03-02 15:42:57 Klikpay: [APIResponse] 1 [transactionNo] 00076856 authkey ok
2017-03-03 14:56:13 Klikpay: [APIResponse] 1 [transactionNo] 00076887 authkey ok
2017-03-03 15:16:22 Klikpay: [APIResponse] 1 [transactionNo] 00076904 authkey ok
2017-03-03 15:52:23 Klikpay: [APIResponse] Array [transactionNo] 00076927
2017-03-03 17:23:26 Klikpay: [APIResponse] 1 [transactionNo] 00076989 authkey ok
2017-03-03 18:54:46 Klikpay: [APIResponse] 1 [transactionNo] 00076991 authkey ok
2017-03-06 10:31:38 Klikpay: [APIResponse] 1 [transactionNo] 00077036 authkey ok
2017-03-06 13:30:09 Klikpay: [APIResponse] 1 [transactionNo] 00077058 authkey ok
2017-03-06 13:32:59 Klikpay: [APIResponse] 3 [transactionNo] 00077058 authkey ok
2017-03-06 13:42:27 Klikpay: [APIResponse] 2 [transactionNo] ABCD12345 authkey ok
2017-03-06 13:44:15 Klikpay: [APIResponse] 2 [transactionNo] 00077062 authkey ok
2017-03-06 13:45:11 Klikpay: [APIResponse] 2 [transactionNo] 00077062 authkey ok
2017-03-06 13:46:13 Klikpay: [APIResponse] 7 [transactionNo] 00077062 authkey ok
2017-03-06 13:47:12 Klikpay: [APIResponse] 2 [transactionNo] 00077062 authkey ok
2017-03-06 13:48:17 Klikpay: [APIResponse] 4 [transactionNo] 00077062 authkey ok
2017-03-06 13:50:55 Klikpay: [APIResponse] 1 [transactionNo] 00077070 authkey ok
2017-03-09 09:44:53 Klikpay: [APIResponse] 1 [transactionNo] 00077101 authkey ok
2017-03-13 15:24:41 Klikpay: [APIResponse] 1 [transactionNo] 00077544 authkey ok
2017-03-13 15:32:52 Klikpay: [APIResponse] 1 [transactionNo] 00077559 authkey ok
2017-03-13 15:42:31 Klikpay: [APIResponse] 1 [transactionNo] 00077571 authkey ok
2017-03-13 15:45:56 Klikpay: [APIResponse] 1 [transactionNo] 00077585 authkey ok
2017-03-13 16:02:01 Klikpay: [APIResponse] 1 [transactionNo] 00077592 authkey ok
2017-03-13 16:09:08 Klikpay: [APIResponse] 1 [transactionNo] 00077603 authkey ok
2017-03-13 16:11:21 Klikpay: [APIResponse] 1 [transactionNo] 00077619 authkey ok
2017-03-13 16:17:59 Klikpay: [APIResponse] 1 [transactionNo] 00077626 authkey ok
2017-03-13 16:21:48 Klikpay: [APIResponse] 1 [transactionNo] 00077635 authkey ok
2017-03-13 16:32:54 Klikpay: [APIResponse] 2 [transactionNo] 00077657 authkey ok
2017-03-13 16:36:06 Klikpay: [APIResponse] 1 [transactionNo] 00077661 authkey ok
2017-03-13 17:00:49 Klikpay: [APIResponse] 1 [transactionNo] 00077674 authkey ok
2017-03-13 17:03:54 Klikpay: [APIResponse] 1 [transactionNo] 00077688 authkey ok
2017-03-13 17:05:44 Klikpay: [APIResponse] 1 [transactionNo] 00077707 authkey ok
2017-03-13 17:15:07 Klikpay: [APIResponse] 1 [transactionNo] 00077730 authkey ok
2017-03-13 17:15:16 Klikpay: [APIResponse] 1 [transactionNo] 00077748 authkey ok
2017-03-13 17:15:29 Klikpay: [APIResponse] 1 [transactionNo] 00077724 authkey ok
2017-03-13 17:19:55 Klikpay: [APIResponse] 1 [transactionNo] 00077753 authkey ok
2017-03-13 17:32:35 Klikpay: [APIResponse] 1 [transactionNo] 00077782 authkey ok
2017-03-13 17:38:39 Klikpay: [APIResponse] 1 [transactionNo] 00077795 authkey ok
2017-03-14 11:59:08 Klikpay: [APIResponse] 1 [transactionNo] 00077805 authkey ok
2017-03-14 13:59:43 Klikpay: [APIResponse] 1 [transactionNo] 00077814 authkey ok
2017-03-14 14:13:25 Klikpay: [APIResponse] 1 [transactionNo] 00077822 authkey ok
2017-03-16 13:56:31 Klikpay: [APIResponse] 1 [transactionNo] 00077898 authkey ok
2017-03-16 14:15:31 Klikpay: [APIResponse] 1 [transactionNo] 00077908 authkey ok
2017-03-16 17:15:40 Klikpay: [APIResponse] 1 [transactionNo] 00077949 authkey ok
2017-03-16 17:24:15 Klikpay: [APIResponse] 1 [transactionNo] 00077954 authkey ok
2017-03-17 15:28:25 Klikpay: [APIResponse] 1 [transactionNo] 00077965 authkey ok
2017-03-17 16:01:46 Klikpay: [APIResponse] 1 [transactionNo] 00077977 authkey ok
2017-03-17 16:49:17 Klikpay: [APIResponse] 1 [transactionNo] 00078009 authkey ok
2017-03-17 16:55:47 Klikpay: [APIResponse] 1 [transactionNo] 00078013 authkey ok
2017-03-20 10:08:58 Klikpay: [APIResponse] 1 [transactionNo] 00078021 authkey ok
2017-03-20 17:23:24 Klikpay: [APIResponse] 1 [transactionNo] 00078078 authkey ok
2017-03-21 15:52:53 Klikpay: [APIResponse] 1 [transactionNo] 00078097 authkey ok
2017-03-21 16:07:02 Klikpay: [APIResponse] 1 [transactionNo] 00078148 authkey ok
2017-03-21 17:20:20 Klikpay: [APIResponse] 1 [transactionNo] 00078169 authkey ok
2017-03-21 18:08:52 Klikpay: [APIResponse] 1 [transactionNo] 00078182 authkey ok
2017-03-21 18:28:41 Klikpay: [APIResponse] 1 [transactionNo] 00078195 authkey ok
2017-03-21 18:31:19 Klikpay: [APIResponse] 1 [transactionNo] 00078202 authkey ok
2017-03-22 10:19:39 Klikpay: [APIResponse] 1 [transactionNo] 00078218 authkey ok
2017-03-22 10:47:34 Klikpay: [APIResponse] 1 [transactionNo] 00078239 authkey ok
2017-03-22 11:11:00 Klikpay: [APIResponse] 1 [transactionNo] 00078241 authkey ok
2017-03-22 11:13:46 Klikpay: [APIResponse] 1 [transactionNo] 00078256 authkey ok
2017-03-23 10:43:08 Klikpay: [APIResponse] 1 [transactionNo] 00078273 authkey ok
2017-03-23 10:46:14 Klikpay: [APIResponse] 1 [transactionNo] 00078287 authkey ok
2017-03-23 11:22:41 Klikpay: [APIResponse] 1 [transactionNo] 00078358 authkey ok
2017-03-23 11:28:06 Klikpay: [APIResponse] 1 [transactionNo] 00078362 authkey ok
2017-03-23 14:10:00 Klikpay: [APIResponse] 1 [transactionNo] 00078370 authkey ok
2017-03-23 14:16:04 Klikpay: [APIResponse] 1 [transactionNo] 00078389 authkey ok
2017-03-23 14:30:31 Klikpay: [APIResponse] 1 [transactionNo] 00078391 authkey ok
2017-03-23 15:12:27 Klikpay: [APIResponse] 1 [transactionNo] 00078410 authkey ok
2017-03-29 13:43:35 Klikpay: [APIResponse] 1 [transactionNo] 00078434 authkey ok
2017-03-29 14:08:24 Klikpay: [APIResponse] 1 [transactionNo] 00078447 authkey ok
2017-03-29 14:26:02 Klikpay: [APIResponse] 1 [transactionNo] 00078452 authkey ok
2017-03-29 14:35:48 Klikpay: [APIResponse] 1 [transactionNo] 00078468 authkey ok
2017-03-30 10:59:10 Klikpay: [APIResponse] 1 [transactionNo] 00078475 authkey ok
2017-03-30 11:15:19 Klikpay: [APIResponse] 1 [transactionNo] 00078481 authkey ok
2017-03-30 14:23:30 Klikpay: [APIResponse] 1 [transactionNo] 00078499 authkey ok
2017-03-30 14:33:35 Klikpay: [APIResponse] 1 [transactionNo] 00078508 authkey ok
2017-03-30 14:59:26 Klikpay: [APIResponse] 1 [transactionNo] 00078531 authkey ok
2017-03-30 15:10:53 Klikpay: [APIResponse] 1 [transactionNo] 00078549 authkey ok
2017-03-31 14:22:18 Klikpay: [APIResponse] 1 [transactionNo] 00078614 authkey ok
2017-03-31 14:25:13 Klikpay: [APIResponse] 1 [transactionNo] 00078622 authkey ok
2017-03-31 14:47:00 Klikpay: [APIResponse] 1 [transactionNo] 00078646 authkey ok
2017-03-31 14:52:08 Klikpay: [APIResponse] 1 [transactionNo] 00078651 authkey ok
2017-03-31 15:36:22 Klikpay: [APIResponse] 1 [transactionNo] 00078667 authkey ok
2017-03-31 15:39:34 Klikpay: [APIResponse] 1 [transactionNo] 00078679 authkey ok
2017-03-31 16:01:24 Klikpay: [APIResponse] 1 [transactionNo] 00078680 authkey ok
2017-03-31 16:08:59 Klikpay: [APIResponse] 1 [transactionNo] 00078698 authkey ok
2017-04-28 14:47:33 Klikpay: [APIResponse] 7 [transactionNo] 00388518 authkey ok
2017-04-28 14:53:09 Klikpay: [APIResponse] 7 [transactionNo] 00388525 authkey ok
2017-04-28 15:40:19 Klikpay: [APIResponse] 7 [transactionNo] 00388541 authkey ok
2017-04-28 15:56:12 Klikpay: [APIResponse] 7 [transactionNo] 00388560 authkey ok
2017-04-28 16:56:53 Klikpay: [APIResponse] 7 [transactionNo] 00388573 authkey ok
2017-04-28 18:17:10 Klikpay: [APIResponse] 2 [transactionNo] 00388587 authkey ok
2017-04-28 18:26:32 Klikpay: [APIResponse] 2 [transactionNo] 00388594 authkey ok
2017-04-28 18:28:23 Klikpay: [APIResponse] 2 [transactionNo] 00388600 authkey ok
2017-04-28 18:31:00 Klikpay: [APIResponse] 1 [transactionNo] 00388616 authkey ok
2017-05-02 09:56:57 Klikpay: [APIResponse] 1 [transactionNo] 00388628 authkey ok
2017-05-02 10:00:23 Klikpay: [APIResponse] 1 [transactionNo] 00388637 authkey ok
2017-05-23 09:25:35 Klikpay: [APIResponse] 1 [transactionNo] 00390156 authkey ok
2017-05-23 09:29:06 Klikpay: [APIResponse] 1 [transactionNo] 00390160 authkey ok
2017-05-23 09:33:54 Klikpay: [APIResponse] 1 [transactionNo] 00390173 authkey ok
2017-06-05 11:41:10 Klikpay: [APIResponse] 1 [transactionNo] 00390913 authkey ok
2017-06-05 14:10:07 Klikpay: [APIResponse] 1 [transactionNo] 00390984 authkey ok
2017-06-05 16:07:46 Klikpay: [APIResponse] 1 [transactionNo] 00391072 authkey ok
2017-06-06 10:24:20 Klikpay: [APIResponse] 1 [transactionNo] 00391103 authkey ok
2017-06-06 10:36:25 Klikpay: [APIResponse] 1 [transactionNo] 00391119 authkey ok
2017-06-06 16:29:53 Klikpay: [APIResponse] 1 [transactionNo] 00391190 authkey ok
2017-06-07 10:21:13 Klikpay: [APIResponse] 1 [transactionNo] 00391249 authkey ok
2017-06-07 15:43:02 Klikpay: [APIResponse] 2 [transactionNo] 00391277 authkey ok
2017-06-07 15:49:18 Klikpay: [APIResponse] 1 [transactionNo] 00391283 authkey ok
2017-06-07 16:31:33 Klikpay: [APIResponse] 1 [transactionNo] 00391306 authkey ok
2017-06-07 16:37:25 Klikpay: [APIResponse] 1 [transactionNo] 00391310 authkey ok
2017-06-08 09:44:55 Klikpay: [APIResponse] 1 [transactionNo] 00391323 authkey ok
2017-06-08 10:01:58 Klikpay: [APIResponse] 1 [transactionNo] 00391347 authkey ok
2017-06-08 16:27:43 Klikpay: [APIResponse] 1 [transactionNo] 00392175 authkey ok
2017-06-12 16:10:13 Klikpay: [APIResponse] 1 [transactionNo] 00392240 authkey ok
2017-06-13 13:27:48 Klikpay: [APIResponse] 1 [transactionNo] 00392414 authkey ok
2017-06-13 14:14:46 Klikpay: [APIResponse] 1 [transactionNo] 00392446 authkey ok
2017-06-13 14:54:20 Klikpay: [APIResponse] 1 [transactionNo] 00392451 authkey ok
2017-06-13 15:01:36 Klikpay: [APIResponse] 1 [transactionNo] 00392467 authkey ok
2017-06-13 15:29:07 Klikpay: [APIResponse] 1 [transactionNo] 00392530 authkey ok
2017-06-13 15:54:47 Klikpay: [APIResponse] 1 [transactionNo] 00392548 authkey ok
2017-06-13 16:36:57 Klikpay: [APIResponse] 1 [transactionNo] 00392553 authkey ok
2017-06-13 16:46:08 Klikpay: [APIResponse] 1 [transactionNo] 00392569 authkey ok
2017-06-13 17:00:02 Klikpay: [APIResponse] 1 [transactionNo] 00392576 authkey ok
2017-06-14 13:27:05 Klikpay: [APIResponse] 1 [transactionNo] 00392582 authkey ok
2017-06-14 13:44:03 Klikpay: [APIResponse] 1 [transactionNo] 00392609 authkey ok
2017-07-11 11:32:19 Klikpay: [APIResponse] 1 [transactionNo] 00392887 authkey ok
2017-07-11 15:31:15 Klikpay: [APIResponse] 1 [transactionNo] 00392927 authkey ok
2017-07-11 15:53:31 Klikpay: [APIResponse] 1 [transactionNo] 00392943 authkey ok
2017-07-11 16:21:13 Klikpay: [APIResponse] 1 [transactionNo] 00392958 authkey ok
2017-07-12 12:06:19 Klikpay: [APIResponse] 1 [transactionNo] 00392962 authkey ok
2017-07-12 17:21:05 Klikpay: [APIResponse] 1 [transactionNo] 00393057 authkey ok
2017-07-13 15:34:09 Klikpay: [APIResponse] 1 [transactionNo] 00393137 authkey ok
2017-07-19 10:56:41 Klikpay: [APIResponse] 1 [transactionNo] 00393320 authkey ok
2017-07-19 11:02:47 Klikpay: [APIResponse] 1 [transactionNo] 00393331 authkey ok
2017-07-19 11:11:19 Klikpay: [APIResponse] 1 [transactionNo] 00393349 authkey ok
2017-07-19 11:52:23 Klikpay: [APIResponse] 1 [transactionNo] 00393354 authkey ok
2017-07-19 11:58:23 Klikpay: [APIResponse] 1 [transactionNo] 00393365 authkey ok
2017-07-21 16:38:23 Klikpay: [APIResponse] 1 [transactionNo] 00393775 authkey ok
2017-07-21 18:07:41 Klikpay: [APIResponse] 1 [transactionNo] 00393813 authkey ok
2017-07-24 15:31:35 Klikpay: [APIResponse] 1 [transactionNo] 00393845 authkey ok
2017-07-24 15:37:24 Klikpay: [APIResponse] 1 [transactionNo] 00393850 authkey ok
2017-07-24 15:43:37 Klikpay: [APIResponse] 1 [transactionNo] 00393866 authkey ok
2017-07-24 16:18:29 Klikpay: [APIResponse] 1 [transactionNo] 00393878 authkey ok
2017-07-24 16:26:52 Klikpay: [APIResponse] 1 [transactionNo] 00393884 authkey ok
2017-07-24 16:34:41 Klikpay: [APIResponse] 1 [transactionNo] 00393897 authkey ok
2017-07-25 09:53:38 Klikpay: [APIResponse] 1 [transactionNo] 00393907 authkey ok
2017-07-25 09:59:12 Klikpay: [APIResponse] 1 [transactionNo] 00393911 authkey ok
2017-07-25 10:33:14 Klikpay: [APIResponse] 1 [transactionNo] 00393924 authkey ok
2017-07-25 10:38:30 Klikpay: [APIResponse] 1 [transactionNo] 00393930 authkey ok
2017-07-27 11:19:00 Klikpay: [APIResponse] 1 [transactionNo] 00393976 authkey ok
2017-07-28 16:46:21 Klikpay: [APIResponse] 1 [transactionNo] 00394050 authkey ok
2017-08-01 14:02:53 Klikpay: [APIResponse] 1 [transactionNo] 00394304 authkey ok
2017-08-01 15:26:44 Klikpay: [APIResponse] 1 [transactionNo] 00394434 authkey ok
2017-08-01 15:36:55 Klikpay: [APIResponse] 1 [transactionNo] 00394447 authkey ok
2017-08-01 17:02:23 Klikpay: [APIResponse] 1 [transactionNo] 00394468 authkey ok
2017-08-01 17:04:16 Klikpay: [APIResponse] 1 [transactionNo] 00394452 authkey ok
2017-08-01 17:07:40 Klikpay: [APIResponse] 1 [transactionNo] 00394475 authkey ok
2017-08-01 17:11:56 Klikpay: [APIResponse] 1 [transactionNo] 00394481 authkey ok
2017-08-01 17:46:35 Klikpay: [APIResponse] 1 [transactionNo] 00394508 authkey ok
2017-08-01 17:51:05 Klikpay: [APIResponse] 1 [transactionNo] 00394512 authkey ok
2017-08-07 11:19:09 Klikpay: [APIResponse] 1 [transactionNo] 00394646 authkey ok
2017-08-09 11:20:37 Klikpay: [APIResponse] 1 [transactionNo] 00394819 authkey ok
2017-08-09 11:28:55 Klikpay: [APIResponse] 1 [transactionNo] 00394826 authkey ok
2017-08-09 11:42:18 Klikpay: [APIResponse] 1 [transactionNo] 00394835 authkey ok
2017-08-09 14:10:42 Klikpay: [APIResponse] 1 [transactionNo] 00394857 authkey ok
2017-08-09 14:39:13 Klikpay: [APIResponse] 1 [transactionNo] 00394874 authkey ok
2017-08-09 14:44:59 Klikpay: [APIResponse] 1 [transactionNo] 00394890 authkey ok
2017-08-09 14:48:09 Klikpay: [APIResponse] 1 [transactionNo] 00394900 authkey ok
2017-08-09 14:50:15 Klikpay: [APIResponse] 1 [transactionNo] 00394916 authkey ok
2017-08-09 14:53:29 Klikpay: [APIResponse] 1 [transactionNo] 00394928 authkey ok
2017-08-09 14:53:53 Klikpay: [APIResponse] 1 [transactionNo] 00394937 authkey ok
2017-08-09 14:56:42 Klikpay: [APIResponse] 1 [transactionNo] 00394944 authkey ok
2017-08-09 16:03:28 Klikpay: [APIResponse] 1 [transactionNo] 00394959 authkey ok
2017-08-09 16:06:59 Klikpay: [APIResponse] 1 [transactionNo] 00394963 authkey ok
2017-08-09 16:13:30 Klikpay: [APIResponse] 1 [transactionNo] 00394971 authkey ok
2017-08-09 16:18:16 Klikpay: [APIResponse] 1 [transactionNo] 00394985 authkey ok
2017-08-09 18:18:36 Klikpay: [APIResponse] 1 [transactionNo] 00394992 authkey ok
2017-08-09 18:21:22 Klikpay: [APIResponse] 1 [transactionNo] 00395005 authkey ok
2017-08-21 17:51:59 Klikpay: [APIResponse] 1 [transactionNo] 00430308 authkey ok
2017-08-22 18:17:14 Klikpay: [APIResponse] 1 [transactionNo] 00430493 authkey ok
2017-08-23 14:22:34 Klikpay: [APIResponse] 1 [transactionNo] 00430527 authkey ok
2017-08-23 17:20:29 Klikpay: [APIResponse] 1 [transactionNo] 00430536 authkey ok
2017-08-28 11:25:05 Klikpay: [APIResponse] 1 [transactionNo] 00430558 authkey ok
2017-08-30 10:56:25 Klikpay: [APIResponse] 1 [transactionNo] 00430768 authkey ok
2017-08-30 12:14:03 Klikpay: [APIResponse] 1 [transactionNo] 00430775 authkey ok
2017-08-30 12:28:18 Klikpay: [APIResponse] 1 [transactionNo] 00430781 authkey ok
2017-08-30 14:18:44 Klikpay: [APIResponse] 1 [transactionNo] 00430799 authkey ok
2017-08-30 14:39:27 Klikpay: [APIResponse] 1 [transactionNo] 00430809 authkey ok
2017-08-30 17:46:26 Klikpay: [APIResponse] Column 'POLICY_COMMENCE_DT' does not belong to table . [transactionNo] 00430911 authkey ok
2017-08-30 17:58:17 Klikpay: [APIResponse] 1 [transactionNo] 00430924 authkey ok
2017-08-30 18:47:51 Klikpay: [APIResponse] Column 'POLICY_COMMENCE_DT' does not belong to table . [transactionNo] 00430969 authkey ok
2017-08-30 19:01:04 Klikpay: [APIResponse] 1 [transactionNo] 00430982 authkey ok
2017-08-31 11:06:18 Klikpay: [APIResponse] 1 [transactionNo] 00431004 authkey ok
2017-09-06 15:15:48 Klikpay: [APIResponse] 1 [transactionNo] 00431140 authkey ok
2017-09-06 17:16:32 Klikpay: [APIResponse] 1 [transactionNo] 00431155 authkey ok
2017-09-06 17:37:53 Klikpay: [APIResponse] 1 [transactionNo] 00431164 authkey ok
2017-09-07 15:26:10 Klikpay: [APIResponse] 1 [transactionNo] 00431172 authkey ok
2017-09-07 15:32:16 Klikpay: [APIResponse] 1 [transactionNo] 00431186 authkey ok
2017-09-07 15:42:38 Klikpay: [APIResponse] 1 [transactionNo] 00431193 authkey ok
2017-09-07 15:50:27 Klikpay: [APIResponse] 1 [transactionNo] 00431206 authkey ok
2017-09-12 14:25:34 Klikpay: [APIResponse] 1 [transactionNo] 00431456 authkey ok
2017-09-12 14:29:44 Klikpay: [APIResponse] 1 [transactionNo] 00431460 authkey ok
2017-09-12 14:36:16 Klikpay: [APIResponse] 1 [transactionNo] 00431473 authkey ok
2017-09-12 16:18:18 Klikpay: [APIResponse] 1 [transactionNo] 00431494 authkey ok
2017-09-12 16:25:04 Klikpay: [APIResponse] 1 [transactionNo] 00431500 authkey ok
2017-09-14 10:58:05 Klikpay: [APIResponse] 1 [transactionNo] 00431657 authkey ok
2017-09-15 14:19:04 Klikpay: [APIResponse] 1 [transactionNo] 00431748 authkey ok
2017-09-15 14:22:54 Klikpay: [APIResponse] 1 [transactionNo] 00431753 authkey ok
2017-09-15 15:18:28 Klikpay: [APIResponse] 1 [transactionNo] 00431769 authkey ok
2017-09-15 15:21:32 Klikpay: [APIResponse] 1 [transactionNo] 00431776 authkey ok
2017-09-15 15:25:49 Klikpay: [APIResponse] 1 [transactionNo] 00431782 authkey ok
2017-09-18 10:58:54 Klikpay: [APIResponse] 1 [transactionNo] 00431898 authkey ok
2017-09-18 11:04:26 Klikpay: [APIResponse] 1 [transactionNo] 00431908 authkey ok
2017-09-18 11:11:02 Klikpay: [APIResponse] 1 [transactionNo] 00431912 authkey ok
2017-09-18 17:21:54 Klikpay: [APIResponse] 1 [transactionNo] 00432215 authkey ok
2017-09-22 11:52:21 Klikpay: [APIResponse] 1 [transactionNo] 00432364 authkey ok
2017-09-22 17:20:01 Klikpay: [APIResponse] 1 [transactionNo] 00432454 authkey ok
2017-09-22 17:35:38 Klikpay: [APIResponse] 1 [transactionNo] 00432465 authkey ok
2017-09-25 16:38:52 Klikpay: [APIResponse] 1 [transactionNo] 00432477 authkey ok
2017-09-25 16:54:20 Klikpay: [APIResponse] 1 [transactionNo] 00432483 authkey ok
2017-09-25 17:22:22 Klikpay: [APIResponse] 1 [transactionNo] 00432496 authkey ok
2017-09-25 17:38:34 Klikpay: [APIResponse] 1 [transactionNo] 00432505 authkey ok
2017-09-25 18:15:02 Klikpay: [APIResponse] 1 [transactionNo] 00432514 authkey ok
2017-09-27 17:05:12 Klikpay: [APIResponse] 1 [transactionNo] 00432918 authkey ok
2017-09-28 15:39:50 Klikpay:  [JAI Payment.id] 139 [APIResponse] SUCCESS_MESSAGE
2017-09-28 15:45:52 Klikpay:  [JAI Payment.id] 140 [APIResponse] SUCCESS_MESSAGE
2017-10-02 14:47:22 Klikpay: [APIResponse] 1 [transactionNo] 00433573 
2017-10-02 15:53:43 Klikpay: [APIResponse] 1 [transactionNo] 00433637 
2017-10-02 16:44:37 Klikpay: [APIResponse] 1 [transactionNo] 00433663 
2017-10-02 16:52:25 Klikpay: [APIResponse] 1 [transactionNo] 00433685 
2017-10-03 11:43:42 Klikpay: [APIResponse] 1 [transactionNo] 00433750 
2017-10-03 12:03:10 Klikpay: [APIResponse] 1 [transactionNo] 00433766 
2017-10-04 11:39:41 Klikpay: [APIResponse] 1 [transactionNo] 00433797 
2017-10-10 11:14:01 Klikpay: [APIResponse] 1 [transactionNo] 00433853 
2017-10-10 11:19:10 Klikpay: [APIResponse] 1 [transactionNo] 00433876 
2017-10-10 11:19:26 Klikpay: [APIResponse] 1 [transactionNo] 00433869 
2017-10-10 11:23:56 Klikpay: [APIResponse] 1 [transactionNo] 00433882 
2017-10-10 11:37:16 Klikpay: [APIResponse] 1 [transactionNo] 00433895 
2017-10-10 11:55:48 Klikpay: [APIResponse] 1 [transactionNo] 00433922 
2017-10-10 12:02:39 Klikpay: [APIResponse] 1 [transactionNo] 00433933 
2017-10-10 14:36:01 Klikpay: [APIResponse] 1 [transactionNo] 00433951 
2017-10-10 14:38:45 Klikpay: [APIResponse] 1 [transactionNo] 00433967 
2017-10-10 14:39:33 Klikpay: [APIResponse] 3 [transactionNo] 00433967 
2017-10-12 10:40:01 Klikpay: [APIResponse] 1 [transactionNo] 00434198 
2017-10-12 12:05:08 Klikpay: [APIResponse] 1 [transactionNo] 00434200 
2017-10-12 14:38:27 Klikpay: [APIResponse] 1 [transactionNo] 00434216 
2017-10-13 14:37:04 Klikpay: [APIResponse] 1 [transactionNo] 00434237 
2017-10-13 14:44:06 Klikpay: [APIResponse] 1 [transactionNo] 00434244 
2017-10-13 15:47:06 Klikpay: [APIResponse] 1 [transactionNo] 00434271 
2017-10-13 18:02:14 Klikpay: [APIResponse] 1 [transactionNo] 00434302 
2017-10-16 10:53:38 Klikpay: [APIResponse] 1 [transactionNo] 00434341 
2017-10-16 12:13:28 Klikpay: [APIResponse] Column 'POLICY_COMMENCE_DT' does not belong to table . [transactionNo] 00434394 
2017-10-16 12:36:12 Klikpay: [APIResponse] Column 'POLICY_COMMENCE_DT' does not belong to table . [transactionNo] 00434413 
2017-10-16 13:43:59 Klikpay: [APIResponse] 1 [transactionNo] 00434432 
2017-10-16 14:18:42 Klikpay: [APIResponse] 1 [transactionNo] 00434450 
2017-10-16 14:26:27 Klikpay: [APIResponse] 1 [transactionNo] 00434478 
2017-10-16 15:06:31 Klikpay: [APIResponse] 1 [transactionNo] 00434497 
2017-10-16 15:16:08 Klikpay: [APIResponse] 1 [transactionNo] 00434510 
2017-10-16 15:45:27 Klikpay: [APIResponse] 1 [transactionNo] 00434547 
2017-10-16 15:59:22 Klikpay: [APIResponse] 1 [transactionNo] 00434552 
2017-10-16 16:17:53 Klikpay: [APIResponse] 1 [transactionNo] 00434575 
2017-10-16 16:19:47 Klikpay: [APIResponse] 1 [transactionNo] 00434581 
2017-10-16 16:36:29 Klikpay: [APIResponse] 1 [transactionNo] 00434599 
2017-10-16 16:38:52 Klikpay: [APIResponse] 1 [transactionNo] 00434608 
2017-10-16 16:41:21 Klikpay: [APIResponse] 1 [transactionNo] 00434612 
2017-10-16 16:51:21 Klikpay: [APIResponse] 1 [transactionNo] 00434620 
2017-10-16 16:59:31 Klikpay: [APIResponse] 1 [transactionNo] 00434631 
2017-10-16 17:08:36 Klikpay: [APIResponse] 1 [transactionNo] 00434649 
2017-10-16 17:26:45 Klikpay: [APIResponse] 1 [transactionNo] 00434654 
2017-10-16 17:35:09 Klikpay: [APIResponse] 1 [transactionNo] 00434665 
2017-10-16 17:44:27 Klikpay: [APIResponse] 1 [transactionNo] 00434677 
2017-10-16 18:27:24 Klikpay: [APIResponse] 1 [transactionNo] 00434758 
2017-10-16 18:45:46 Klikpay: [APIResponse] 1 [transactionNo] 00434789 
2017-10-16 18:50:13 Klikpay: [APIResponse] 1 [transactionNo] 00434791 
2017-10-16 18:57:43 Klikpay: [APIResponse] 1 [transactionNo] 00434817 
2017-10-16 19:05:30 Klikpay: [APIResponse] 1 [transactionNo] 00434829 
2017-10-16 19:27:19 Klikpay: [APIResponse] 1 [transactionNo] 00434840 
2017-10-16 19:55:14 Klikpay: [APIResponse] 1 [transactionNo] 00434864 
2017-10-16 19:58:38 Klikpay: [APIResponse] 1 [transactionNo] 00434872 
2017-10-17 09:07:37 Klikpay: [APIResponse] 1 [transactionNo] 00434886 
2017-10-17 10:33:41 Klikpay: [APIResponse] 1 [transactionNo] 00434935 
2017-10-17 10:56:34 Klikpay: [APIResponse] 1 [transactionNo] 00434990 
2017-10-17 11:31:01 Klikpay: [APIResponse] 1 [transactionNo] 00435049 
